<?xml version="1.0" encoding="UTF-8"?>
<!-- Generated by org.testng.reporters.JUnitXMLReporter -->
<testsuite ignored="2" hostname="DESKTOP-G0IBNG4" failures="0" tests="1" name="Default test" time="18.494" errors="0" timestamp="2024-03-22T15:05:39 IST">
  <testcase classname="automateorangehrm.JobTitleFunctionalityTest" name="testDeleteFunctionality" time="15.615"/>
  <testcase classname="automateorangehrm.JobTitleFunctionalityTest" name="testAddFunctionality" time="0.0">
    <ignored/>
  </testcase> <!-- testAddFunctionality -->
  <testcase classname="automateorangehrm.JobTitleFunctionalityTest" name="testEditFunctionality" time="0.0">
    <ignored/>
  </testcase> <!-- testEditFunctionality -->
</testsuite> <!-- Default test -->
