<?xml version="1.0" encoding="UTF-8"?>
<!-- Generated by org.testng.reporters.JUnitXMLReporter -->
<testsuite ignored="4" hostname="DESKTOP-G0IBNG4" failures="0" tests="1" name="Default test" time="25.489" errors="0" timestamp="2024-03-28T12:14:13 IST">
  <testcase classname="automateorangehrm.JobTitleFunctionalityTest" name="testDeleteFunctionality" time="18.032"/>
  <testcase classname="automateorangehrm.JobTitleFunctionalityTest" name="testAddFunctionality" time="0.0">
    <ignored/>
  </testcase> <!-- testAddFunctionality -->
  <testcase classname="automateorangehrm.JobTitleFunctionalityTest" name="testEditFunctionalityWithKeepingFile" time="0.0">
    <ignored/>
  </testcase> <!-- testEditFunctionalityWithKeepingFile -->
  <testcase classname="automateorangehrm.JobTitleFunctionalityTest" name="testEditFunctionalityToReplaceFile" time="0.0">
    <ignored/>
  </testcase> <!-- testEditFunctionalityToReplaceFile -->
  <testcase classname="automateorangehrm.JobTitleFunctionalityTest" name="testEditFunctionalityToDeleteFile" time="0.0">
    <ignored/>
  </testcase> <!-- testEditFunctionalityToDeleteFile -->
</testsuite> <!-- Default test -->
