<?xml version="1.0" encoding="UTF-8"?>
<testng-results ignored="2" total="3" passed="1" failed="0" skipped="0">
  <reporter-output>
  </reporter-output>
  <suite started-at="2024-03-21T18:00:04 IST" name="Default suite" finished-at="2024-03-21T18:00:24 IST" duration-ms="20817">
    <groups>
    </groups>
    <test started-at="2024-03-21T18:00:04 IST" name="Default test" finished-at="2024-03-21T18:00:24 IST" duration-ms="20817">
      <class name="automateorangehrm.JobTitleFunctionalityTest">
        <test-method is-config="true" signature="setUp()[pri:0, instance:automateorangehrm.JobTitleFunctionalityTest@639c2c1d]" started-at="2024-03-21T18:00:04 IST" name="setUp" finished-at="2024-03-21T18:00:11 IST" duration-ms="7566" status="PASS">
          <reporter-output>
          </reporter-output>
        </test-method> <!-- setUp -->
        <test-method signature="testDeleteFunctionality()[pri:3, instance:automateorangehrm.JobTitleFunctionalityTest@639c2c1d]" started-at="2024-03-21T18:00:11 IST" name="testDeleteFunctionality" finished-at="2024-03-21T18:00:24 IST" duration-ms="12872" status="PASS">
          <reporter-output>
          </reporter-output>
        </test-method> <!-- testDeleteFunctionality -->
        <test-method is-config="true" signature="closeBrowser()[pri:0, instance:automateorangehrm.JobTitleFunctionalityTest@639c2c1d]" started-at="2024-03-21T18:00:24 IST" name="closeBrowser" finished-at="2024-03-21T18:00:24 IST" duration-ms="286" status="PASS">
          <reporter-output>
          </reporter-output>
        </test-method> <!-- closeBrowser -->
      </class> <!-- automateorangehrm.JobTitleFunctionalityTest -->
    </test> <!-- Default test -->
  </suite> <!-- Default suite -->
</testng-results>
